\BOOKMARK [1][-]{section.1}{\376\377\000R\000a\000p\000p\000e\000l\000s}{}% 1
\BOOKMARK [2][-]{subsection.1.1}{\376\377\000C\000o\000u\000c\000h\000e\000s}{section.1}% 2
\BOOKMARK [1][-]{section.2}{\376\377\000I\000n\000t\000e\000r\000n\000e\000t\000\040\000e\000s\000t\000\040\000c\000a\000s\000s\000\351}{}% 3
\BOOKMARK [2][-]{subsection.2.1}{\376\377\000"\000O\000s\000s\000i\000f\000i\000c\000a\000t\000i\000o\000n\000"}{section.2}% 4
\BOOKMARK [1][-]{section.3}{\376\377\000W\000e\000b\000\040\000e\000t\000\040\000h\000t\000t\000p}{}% 5
\BOOKMARK [2][-]{subsection.3.1}{\376\377\000h\000t\000t\000p\000/\0000\000.\0009}{section.3}% 6
\BOOKMARK [2][-]{subsection.3.2}{\376\377\000h\000t\000t\000p\000/\0001\000.\0000}{section.3}% 7
\BOOKMARK [2][-]{subsection.3.3}{\376\377\000h\000t\000t\000p\000/\0001\000.\0001}{section.3}% 8
\BOOKMARK [2][-]{subsection.3.4}{\376\377\000h\000t\000t\000p\000/\0002}{section.3}% 9
\BOOKMARK [2][-]{subsection.3.5}{\376\377\000h\000t\000t\000p\000/\0003}{section.3}% 10
\BOOKMARK [2][-]{subsection.3.6}{\376\377\000S\000\351\000r\000i\000a\000l\000i\000s\000a\000t\000i\000o\000n\000/\000d\000\351\000s\000\351\000r\000i\000a\000l\000i\000s\000a\000t\000i\000o\000n}{section.3}% 11
\BOOKMARK [1][-]{section.4}{\376\377\000S\000t\000r\000u\000c\000t\000u\000r\000e\000\040\000d\000e\000s\000\040\000A\000P\000I}{}% 12
\BOOKMARK [2][-]{subsection.4.1}{\376\377\000D\000e\000s\000\040\000A\000P\000I\000S}{section.4}% 13
\BOOKMARK [2][-]{subsection.4.2}{\376\377\000R\000E\000S\000T\000-\000f\000u\000t\000\040\000o\000u\000\040\000R\000E\000S\000T\000-\000l\000i\000k\000e}{section.4}% 14
\BOOKMARK [2][-]{subsection.4.3}{\376\377\000T\000o\000u\000t\000\040\000l\000e\000\040\000c\000o\000n\000t\000r\000a\000i\000r\000e\000\040\000\040\000W\000e\000b\000S\000o\000c\000k\000e\000t}{section.4}% 15
\BOOKMARK [1][-]{section.5}{\376\377\000P\000r\000o\000x\000y\000s\000\040\000e\000t\000\040\000c\000a\000c\000h\000e\000s}{}% 16
\BOOKMARK [2][-]{subsection.5.1}{\376\377\000L\000o\000c\000a\000l\000i\000s\000a\000t\000i\000o\000n\000\040\000d\000e\000s\000\040\000c\000a\000c\000h\000e\000s}{section.5}% 17
\BOOKMARK [2][-]{subsection.5.2}{\376\377\000p\000r\000o\000x\000y\000\040\000i\000n\000v\000e\000r\000s\000e\000\040\000:\000\040\000C\000D\000N}{section.5}% 18
\BOOKMARK [2][-]{subsection.5.3}{\376\377\000V\000a\000l\000i\000d\000a\000t\000i\000o\000n\000s}{section.5}% 19
\BOOKMARK [2][-]{subsection.5.4}{\376\377\000C\000o\000n\000t\000r\000o\000l\000e\000\040\000d\000e\000\040\000C\000a\000c\000h\000e}{section.5}% 20
\BOOKMARK [1][-]{section.6}{\376\377\000N\000o\000t\000i\000f\000i\000c\000a\000t\000i\000o\000n\000s\000\040\000a\000s\000y\000n\000c\000h\000r\000o\000n\000e}{}% 21
\BOOKMARK [1][-]{section.7}{\376\377\000w\000e\000b\000\040\000s\000o\000c\000k\000e\000t}{}% 22
